0 info it worked if it ends with ok
1 verbose cli [ 'node', '/usr/local/bin/npm', 'start' ]
2 info using npm@2.7.3
3 info using node@v0.10.29
4 verbose node symlink /usr/local/bin/node
5 verbose run-script [ 'prestart', 'start', 'poststart' ]
6 info prestart dsb.com@1.0.0
7 info start dsb.com@1.0.0
8 verbose unsafe-perm in lifecycle true
9 info dsb.com@1.0.0 Failed to exec start script
10 verbose stack Error: dsb.com@1.0.0 start: `nodemon build/main.js && http-server`
10 verbose stack Exit status 127
10 verbose stack     at EventEmitter.<anonymous> (/usr/local/lib/node_modules/npm/lib/utils/lifecycle.js:213:16)
10 verbose stack     at EventEmitter.emit (events.js:98:17)
10 verbose stack     at ChildProcess.<anonymous> (/usr/local/lib/node_modules/npm/lib/utils/spawn.js:14:12)
10 verbose stack     at ChildProcess.emit (events.js:98:17)
10 verbose stack     at maybeClose (child_process.js:755:16)
10 verbose stack     at Process.ChildProcess._handle.onexit (child_process.js:822:5)
11 verbose pkgid dsb.com@1.0.0
12 verbose cwd /Users/jauriemm/personal/dsb.com
13 error Darwin 13.4.0
14 error argv "node" "/usr/local/bin/npm" "start"
15 error node v0.10.29
16 error npm  v2.7.3
17 error code ELIFECYCLE
18 error dsb.com@1.0.0 start: `nodemon build/main.js && http-server`
18 error Exit status 127
19 error Failed at the dsb.com@1.0.0 start script 'nodemon build/main.js && http-server'.
19 error This is most likely a problem with the dsb.com package,
19 error not with npm itself.
19 error Tell the author that this fails on your system:
19 error     nodemon build/main.js && http-server
19 error You can get their info via:
19 error     npm owner ls dsb.com
19 error There is likely additional logging output above.
20 verbose exit [ 1, true ]
